<?xml version="1.0" encoding="UTF-8"?>
<testsuite name="org.cap.test.bankapp.SampleTestCase" tests="4" skipped="0" failures="0" errors="0" timestamp="2021-07-12T17:03:45" hostname="LIN51013438" time="0.039">
  <properties/>
  <testcase name="test" classname="org.cap.test.bankapp.SampleTestCase" time="0.0"/>
  <testcase name="test" classname="org.cap.test.bankapp.SampleTestCase" time="0.0"/>
  <testcase name="test" classname="org.cap.test.bankapp.SampleTestCase" time="0.0"/>
  <testcase name="test" classname="org.cap.test.bankapp.SampleTestCase" time="0.0"/>
  <system-out><![CDATA[]]></system-out>
  <system-err><![CDATA[]]></system-err>
</testsuite>
