<?xml version="1.0" encoding="UTF-8"?>
<testsuite name="org.cap.test.bankapp.BankAppMocitoTestCase" tests="4" skipped="0" failures="0" errors="0" timestamp="2021-07-12T17:03:45" hostname="LIN51013438" time="0.22">
  <properties/>
  <testcase name="test_AddAccount_method" classname="org.cap.test.bankapp.BankAppMocitoTestCase" time="0.215"/>
  <testcase name="test_deposit" classname="org.cap.test.bankapp.BankAppMocitoTestCase" time="0.001"/>
  <testcase name="test_findAccountById" classname="org.cap.test.bankapp.BankAppMocitoTestCase" time="0.001"/>
  <testcase name="test_withdraw" classname="org.cap.test.bankapp.BankAppMocitoTestCase" time="0.001"/>
  <system-out><![CDATA[]]></system-out>
  <system-err><![CDATA[]]></system-err>
</testsuite>
